<?xml version="1.0" encoding="UTF-8"?>
<testng-results ignored="0" total="1" passed="1" failed="0" skipped="0">
  <reporter-output>
  </reporter-output>
  <suite started-at="2020-03-22T21:06:14Z" name="Default suite" finished-at="2020-03-22T21:06:23Z" duration-ms="8366">
    <groups>
    </groups>
    <test started-at="2020-03-22T21:06:14Z" name="Default test" finished-at="2020-03-22T21:06:23Z" duration-ms="8366">
      <class name="com.Selenium.Module1.Google_Search_TestNG">
        <test-method is-config="true" signature="startTest()[pri:0, instance:com.Selenium.Module1.Google_Search_TestNG@62e8f862]" started-at="2020-03-22T21:06:14Z" name="startTest" finished-at="2020-03-22T21:06:16Z" duration-ms="1388" status="PASS">
          <reporter-output>
          </reporter-output>
        </test-method> <!-- startTest -->
        <test-method signature="googleSearchTest()[pri:0, instance:com.Selenium.Module1.Google_Search_TestNG@62e8f862]" started-at="2020-03-22T21:06:16Z" name="googleSearchTest" finished-at="2020-03-22T21:06:18Z" duration-ms="2078" status="PASS">
          <reporter-output>
          </reporter-output>
        </test-method> <!-- googleSearchTest -->
        <test-method is-config="true" signature="endTest()[pri:0, instance:com.Selenium.Module1.Google_Search_TestNG@62e8f862]" started-at="2020-03-22T21:06:18Z" name="endTest" finished-at="2020-03-22T21:06:23Z" duration-ms="4753" status="PASS">
          <reporter-output>
          </reporter-output>
        </test-method> <!-- endTest -->
      </class> <!-- com.Selenium.Module1.Google_Search_TestNG -->
    </test> <!-- Default test -->
  </suite> <!-- Default suite -->
</testng-results>
